<?xml version="1.0" encoding="UTF-8"?>
<!-- Generated by org.testng.reporters.JUnitReportReporter -->
<testsuite hostname="Prince-Pc" failures="0" tests="5" name="testing.AddToCart" time="16.785" errors="0" timestamp="2022-01-31T18:35:35 EST" skipped="0">
  <testcase classname="testing.AddToCart" name="login_userName_password_clickLogInBtn" time="5.844"/>
  <system-out/>
  <testcase classname="testing.AddToCart" name="after_login_click_laptops_navigate_to_laptops" time="5.413"/>
  <system-out/>
  <testcase classname="testing.AddToCart" name="at_laptops_select_sonyViaoI5_and_verify_sonyViaoI5_page" time="3.732"/>
  <system-out/>
  <testcase classname="testing.AddToCart" name="at_selected_laptop_click_addToCart" time="0.891"/>
  <system-out/>
  <testcase classname="testing.AddToCart" name="navigate_to_cart_and_verify_added_product" time="0.905"/>
  <system-out/>
</testsuite> <!-- testing.AddToCart -->
