<?xml version="1.0" encoding="UTF-8"?>
<!-- Generated by org.testng.reporters.JUnitReportReporter -->
<testsuite hostname="Prince-Pc" failures="0" tests="1" name="testing.SignUp" time="0.943" errors="0" timestamp="2022-01-31T18:34:09 EST" skipped="0">
  <testcase classname="testing.SignUp" name="signUp_userName_password_clickSignUpBtn_displayAlert" time="0.943"/>
  <system-out/>
</testsuite> <!-- testing.SignUp -->
